<?xml version="1.0" encoding="UTF-8"?>
<!-- Generated by org.testng.reporters.JUnitXMLReporter -->
<testsuite hostname="Gokul" ignored="0" name="Default test" tests="13" failures="0" timestamp="06 Feb 2017 06:46:07 GMT" time="0.47" errors="0">
  <testcase name="@BeforeTest main" time="0.0" classname="pages.PostReferralRequest">
    <failure type="org.testng.TestNGException" message="
Can inject only one of &amp;lt;ITestContext, XmlTest&amp;gt; into a BeforeTest annotated main.
For more information on native dependency injection please refer to http://testng.org/doc/documentation-main.html#native-dependency-injection">
      <![CDATA[org.testng.TestNGException: 
Can inject only one of <ITestContext, XmlTest> into a BeforeTest annotated main.
For more information on native dependency injection please refer to http://testng.org/doc/documentation-main.html#native-dependency-injection
	at org.testng.internal.Parameters.checkParameterTypes(Parameters.java:244)
	at org.testng.internal.Parameters.createParameters(Parameters.java:172)
	at org.testng.internal.Parameters.createParameters(Parameters.java:458)
	at org.testng.internal.Parameters.createConfigurationParameters(Parameters.java:118)
	at org.testng.internal.Invoker.invokeConfigurations(Invoker.java:203)
	at org.testng.internal.Invoker.invokeConfigurations(Invoker.java:144)
	at org.testng.TestRunner.beforeRun(TestRunner.java:634)
	at org.testng.TestRunner.run(TestRunner.java:602)
	at org.testng.SuiteRunner.runTest(SuiteRunner.java:387)
	at org.testng.SuiteRunner.runSequentially(SuiteRunner.java:382)
	at org.testng.SuiteRunner.privateRun(SuiteRunner.java:340)
	at org.testng.SuiteRunner.run(SuiteRunner.java:289)
	at org.testng.SuiteRunnerWorker.runSuite(SuiteRunnerWorker.java:52)
	at org.testng.SuiteRunnerWorker.run(SuiteRunnerWorker.java:86)
	at org.testng.TestNG.runSuitesSequentially(TestNG.java:1293)
	at org.testng.TestNG.runSuitesLocally(TestNG.java:1218)
	at org.testng.TestNG.runSuites(TestNG.java:1133)
	at org.testng.TestNG.run(TestNG.java:1104)
	at org.testng.remote.AbstractRemoteTestNG.run(AbstractRemoteTestNG.java:132)
	at org.testng.remote.RemoteTestNG.initAndRun(RemoteTestNG.java:236)
	at org.testng.remote.RemoteTestNG.main(RemoteTestNG.java:81)
]]>
    </failure>
  </testcase> <!-- @BeforeTest main -->
  <testcase name="@AfterTest Exit" time="0.0" classname="pages.PostReferralRequest">
    <skipped/>
  </testcase> <!-- @AfterTest Exit -->
  <testcase name="validateOperatorLogo" time="0.014" classname="pages.PostReferralRequest">
    <skipped/>
  </testcase> <!-- validateOperatorLogo -->
  <testcase name="validateCompanyLogo" time="0.003" classname="pages.PostReferralRequest">
    <skipped/>
  </testcase> <!-- validateCompanyLogo -->
  <testcase name="ReferralRequestTextValidation" time="0.003" classname="pages.PostReferralRequest">
    <skipped/>
  </testcase> <!-- ReferralRequestTextValidation -->
  <testcase name="RequestReferralCodeTextBoxDisplayedAndEnabled" time="0.004" classname="pages.PostReferralRequest">
    <skipped/>
  </testcase> <!-- RequestReferralCodeTextBoxDisplayedAndEnabled -->
  <testcase name="RequestReferralCodeLabelTextDisplayedAndEnabled" time="0.005" classname="pages.PostReferralRequest">
    <skipped/>
  </testcase> <!-- RequestReferralCodeLabelTextDisplayedAndEnabled -->
  <testcase name="RequestReferralCodePlaceholderValidation" time="0.004" classname="pages.PostReferralRequest">
    <skipped/>
  </testcase> <!-- RequestReferralCodePlaceholderValidation -->
  <testcase name="ReferralRequestCodeValidInputValidation" time="0.003" classname="pages.PostReferralRequest">
    <skipped/>
  </testcase> <!-- ReferralRequestCodeValidInputValidation -->
  <testcase name="ReferralRequestRequiredFieldValidation" time="0.003" classname="pages.PostReferralRequest">
    <skipped/>
  </testcase> <!-- ReferralRequestRequiredFieldValidation -->
  <testcase name="ReferralRequestSpaceNotAllowedValidation" time="0.004" classname="pages.PostReferralRequest">
    <skipped/>
  </testcase> <!-- ReferralRequestSpaceNotAllowedValidation -->
  <testcase name="ReferralRequestMaximumInputValidation" time="0.003" classname="pages.PostReferralRequest">
    <skipped/>
  </testcase> <!-- ReferralRequestMaximumInputValidation -->
  <testcase name="ReferralRequestMinimumInputValidation" time="0.003" classname="pages.PostReferralRequest">
    <skipped/>
  </testcase> <!-- ReferralRequestMinimumInputValidation -->
  <testcase name="ReferralRequestOtherValidation" time="0.017" classname="pages.PostReferralRequest">
    <skipped/>
  </testcase> <!-- ReferralRequestOtherValidation -->
  <testcase name="RequestButtonValidation" time="0.005" classname="pages.PostReferralRequest">
    <skipped/>
  </testcase> <!-- RequestButtonValidation -->
</testsuite> <!-- Default test -->
